Arguments: 
  /usr/local/bin/node /Users/ethan/.yarn/bin/yarn.js init

PATH: 
  /Users/ethan/.yarn/bin:/Users/ethan/.config/yarn/global/node_modules/.bin:/Users/ethan/.pyenv/shims:/usr/local/bin:/Library/Frameworks/Python.framework/Versions/2.7/bin:/usr/local/bin:/usr/bin:/bin:/usr/sbin:/sbin:/Library/Apple/usr/bin:/Users/ethan/.yarn/bin:/Users/ethan/.config/yarn/global/node_modules/.bin:/Library/Frameworks/Python.framework/Versions/2.7/bin:/Users/ethan/.cargo/bin:/Users/ethan/Library/Python/3.8/bin:/Users/ethan/Applications/flutter/bin:/Users/ethan/Library/Python/3.8/bin:/Users/ethan/Applications/flutter/bin

Yarn version: 
  1.22.19

Node version: 
  16.17.0

Platform: 
  darwin x64

Trace: 
  Error: canceled
      at Interface.<anonymous> (/Users/ethan/.yarn/lib/cli.js:137150:13)
      at Interface.emit (node:events:513:28)
      at Interface._ttyWrite (node:readline:1085:16)
      at ReadStream.onkeypress (node:readline:291:10)
      at ReadStream.emit (node:events:513:28)
      at emitKeys (node:internal/readline/utils:357:14)
      at emitKeys.next (<anonymous>)
      at ReadStream.onData (node:internal/readline/emitKeypressEvents:61:36)
      at ReadStream.emit (node:events:513:28)
      at addChunk (node:internal/streams/readable:315:12)

npm manifest: 
  No manifest

yarn manifest: 
  No manifest

Lockfile: 
  No lockfile
